<?xml version="1.0" encoding="UTF-8"?>
<testsuite xmlns:xsi="http://www.w3.org/2001/XMLSchema-instance" xsi:noNamespaceSchemaLocation="https://maven.apache.org/surefire/maven-surefire-plugin/xsd/surefire-test-report.xsd" name="uoa.assignment.character.CharacterTests" time="0.026" tests="1" errors="0" skipped="0" failures="1">
  <properties>
[...]
</properties>
  <testcase name="checkSayName" classname="uoa.assignment.character.CharacterTests" time="0.015">
    <failure message="&amp;#27;[47m&amp;#27;[30mMake sure the constructor of GameCharacter class is modified and sayName() method exist as per T1.2 &amp;#27;[0morg.junit.ComparisonFailure: expected:&lt;[milan]&gt; but was:&lt;[]&gt;" type="java.lang.AssertionError"><![CDATA[java.lang.AssertionError: &amp#27;[47m&amp#27;[30mMake sure the constructor of GameCharacter class is modified and sayName() method exist as per T1.2 &amp#27;[0morg.junit.ComparisonFailure: expected:<[milan]> but was:<[]>
	at uoa.assignment.character.CharacterTests.checkSayName(CharacterTests.java:59)
]]></failure>
  </testcase>
</testsuite>